Loading required package: future
── Attaching packages ─────────────────────────────────────── tidyverse 1.2.1 ──
✔ ggplot2 3.2.1     ✔ purrr   0.3.3
✔ tibble  2.1.3     ✔ dplyr   0.8.3
✔ tidyr   1.0.0     ✔ stringr 1.4.0
✔ readr   1.3.1     ✔ forcats 0.4.0
── Conflicts ────────────────────────────────────────── tidyverse_conflicts() ──
✖ dplyr::filter() masks stats::filter()
✖ dplyr::lag()    masks stats::lag()

Attaching package: ‘magrittr’

The following object is masked from ‘package:purrr’:

    set_names

The following object is masked from ‘package:tidyr’:

    extract

Loading required package: xml2

Attaching package: ‘rvest’

The following object is masked from ‘package:purrr’:

    pluck

The following object is masked from ‘package:readr’:

    guess_encoding

Pagination not found. It may be that all items fit on the page.
Pagination not found. It may be that all items fit on the page.
Pagination not found. It may be that all items fit on the page.
Pagination not found. It may be that all items fit on the page.
Pagination not found. It may be that all items fit on the page.
Pagination not found. It may be that all items fit on the page.
Pagination not found. It may be that all items fit on the page.
Pagination not found. It may be that all items fit on the page.
Pagination not found. It may be that all items fit on the page.
Pagination not found. It may be that all items fit on the page.
Pagination not found. It may be that all items fit on the page.
Pagination not found. It may be that all items fit on the page.
Pagination not found. It may be that all items fit on the page.
Pagination not found. It may be that all items fit on the page.
Pagination not found. It may be that all items fit on the page.
Pagination not found. It may be that all items fit on the page.
Pagination not found. It may be that all items fit on the page.
Pagination not found. It may be that all items fit on the page.
Pagination not found. It may be that all items fit on the page.
Pagination not found. It may be that all items fit on the page.
Pagination not found. It may be that all items fit on the page.
Pagination not found. It may be that all items fit on the page.
Pagination not found. It may be that all items fit on the page.
Pagination not found. It may be that all items fit on the page.
Pagination not found. It may be that all items fit on the page.
Pagination not found. It may be that all items fit on the page.
Pagination not found. It may be that all items fit on the page.
Pagination not found. It may be that all items fit on the page.
Pagination not found. It may be that all items fit on the page.
Pagination not found. It may be that all items fit on the page.
Pagination not found. It may be that all items fit on the page.
Pagination not found. It may be that all items fit on the page.
Pagination not found. It may be that all items fit on the page.
Pagination not found. It may be that all items fit on the page.
Pagination not found. It may be that all items fit on the page.
Pagination not found. It may be that all items fit on the page.
15 new rows added
[1] TRUE
 Progress: ──────────────────────────────────────────                       100% Progress: ───────────────────────────────────────────────────              100% Progress: ───────────────────────────────────────────────────────────      100% Progress: ───────────────────────────────────────────────────────────      100% Progress: ──────────────────────────────────────────────────────────────── 100%

trying URL 'https://m.media-amazon.com/images/I/61xceQRU3vL._SX1920_.jpg'
Content type 'image/jpeg' length 112084 bytes (109 KB)
==================================================
downloaded 109 KB

trying URL 'https://m.media-amazon.com/images/I/61mjeIKxUHL._SX1920_.jpg'
Content type 'image/jpeg' length 106151 bytes (103 KB)
==================================================
downloaded 103 KB

trying URL 'https://m.media-amazon.com/images/I/71jNgFBH+rL._SX1920_.jpg'
Content type 'image/jpeg' length 162786 bytes (158 KB)
==================================================
downloaded 158 KB

trying URL 'https://m.media-amazon.com/images/I/61L7jxUeQgL._SX1920_.jpg'
Content type 'image/jpeg' length 110465 bytes (107 KB)
==================================================
downloaded 107 KB

trying URL 'https://m.media-amazon.com/images/I/610Duc4wv3L._SX1920_.jpg'
Content type 'image/jpeg' length 79601 bytes (77 KB)
==================================================
downloaded 77 KB

trying URL 'https://m.media-amazon.com/images/I/71TcEqem1OL._SX1920_.jpg'
Content type 'image/jpeg' length 258747 bytes (252 KB)
==================================================
downloaded 252 KB

trying URL 'https://m.media-amazon.com/images/I/71peg3JoESL._SX1920_.jpg'
Content type 'image/jpeg' length 253082 bytes (247 KB)
==================================================
downloaded 247 KB

trying URL 'https://m.media-amazon.com/images/I/81YCy0Ygf1L._SX1920_.jpg'
Content type 'image/jpeg' length 282577 bytes (275 KB)
==================================================
downloaded 275 KB

trying URL 'https://m.media-amazon.com/images/I/71V2m1-2-uL._SX1920_.jpg'
Content type 'image/jpeg' length 207024 bytes (202 KB)
==================================================
downloaded 202 KB

trying URL 'https://m.media-amazon.com/images/I/61d3PKouujL._SX1920_.jpg'
Content type 'image/jpeg' length 105164 bytes (102 KB)
==================================================
downloaded 102 KB

38 new rows added
DIRECTORY FOUND (extra/new-photos/: cannot open `extra/new-photos/' (No such file or directory)) 
find: ‘extra/new-photos/’: No such file or directory
DIRECTORY FOUND (extra/new-photos/: cannot open `extra/new-photos/' (No such file or directory)) 
find: ‘extra/new-photos//’: No such file or directory
Extensions: 
rsync: change_dir "/home/srvander/Projects/CSAFE/ShoeScrapeR//extra/new-photos" failed: No such file or directory (2)
rsync error: some files/attrs were not transferred (see previous errors) (code 23) at main.c(1196) [sender=3.1.2]
rsync: mkdir "/lss/research/csafe-shoeprints/ShoeNeuralNet/ShoeImages" failed: No such file or directory (2)
rsync error: error in file IO (code 11) at main.c(675) [Receiver=3.1.2]
rsync: mkdir "/lss/research/csafe-shoeprints/ShoeNeuralNet" failed: No such file or directory (2)
rsync error: error in file IO (code 11) at main.c(675) [Receiver=3.1.2]
Warning messages:
1: Sync stage reached 
2: In dir.create("new-photos") : 'new-photos' already exists
Response [https://hc-ping.com/1636cae7-8471-4db9-a2c7-3ab7f7b09f84]
  Date: 2020-03-28 17:00
  Status: 200
  Content-Type: text/plain; charset=utf-8
  Size: 2 B

